2025-07-05 04:38:24,099 - __main__ - INFO - Using device: cpu
2025-07-05 04:38:24,099 - __main__ - INFO - Loading MNIST dataset...
2025-07-05 04:38:27,693 - __main__ - INFO - Train samples: 60000, Test samples: 10000
2025-07-05 04:38:27,694 - __main__ - INFO - Creating multi-scale network...
2025-07-05 04:38:27,706 - __main__ - INFO - Network architecture: [784, 256, 128, 10]
2025-07-05 04:38:27,706 - __main__ - INFO - Initial connectivity: {'total_possible_connections': 234752, 'total_active_connections': 24, 'connectivity_ratio': 0.00010223555070883315, 'sparsity': 0.9998977644492911}
2025-07-05 04:38:27,706 - __main__ - INFO - Starting training...
2025-07-05 04:38:27,707 - __main__ - INFO - Starting training for 5 epochs
2025-07-05 04:38:27,707 - __main__ - INFO - Initial connectivity: {'total_possible_connections': 234752, 'total_active_connections': 24, 'connectivity_ratio': 0.00010223555070883315, 'sparsity': 0.9998977644492911}
2025-07-05 04:38:57,829 - __main__ - INFO - Using device: cpu
2025-07-05 04:38:57,829 - __main__ - INFO - Loading MNIST dataset...
2025-07-05 04:38:57,881 - __main__ - INFO - Train samples: 60000, Test samples: 10000
2025-07-05 04:38:57,881 - __main__ - INFO - Creating multi-scale network...
2025-07-05 04:38:57,894 - __main__ - INFO - Network architecture: [784, 256, 128, 10]
2025-07-05 04:38:57,894 - __main__ - INFO - Initial connectivity: {'total_possible_connections': 234752, 'total_active_connections': 24, 'connectivity_ratio': 0.00010223555070883315, 'sparsity': 0.9998977644492911}
2025-07-05 04:38:57,894 - __main__ - INFO - Starting training...
2025-07-05 04:38:57,895 - __main__ - INFO - Starting training for 3 epochs
2025-07-05 04:38:57,895 - __main__ - INFO - Initial connectivity: {'total_possible_connections': 234752, 'total_active_connections': 24, 'connectivity_ratio': 0.00010223555070883315, 'sparsity': 0.9998977644492911}
2025-07-05 04:39:18,917 - src.structure_net.models.multi_scale_network - INFO - Epoch 0: Loss=2.3020, Performance=0.1073, Growth=0, Connections=24
2025-07-05 04:39:21,987 - __main__ - INFO - Epoch 0: Train Acc=0.1073, Test Acc=0.1136, Growth=0, Connections=24, Phase=coarse
2025-07-05 04:39:43,007 - src.structure_net.models.multi_scale_network - INFO - Epoch 1: Loss=2.3013, Performance=0.1124, Growth=0, Connections=24
2025-07-05 04:40:07,113 - src.structure_net.models.multi_scale_network - INFO - Epoch 2: Loss=2.3013, Performance=0.1124, Growth=0, Connections=24
2025-07-05 04:40:10,195 - __main__ - INFO - Training completed
2025-07-05 04:40:10,196 - __main__ - INFO - Analyzing results...
2025-07-05 04:40:12,585 - __main__ - INFO - 
==================================================
2025-07-05 04:40:12,585 - __main__ - INFO - EXPERIMENT SUMMARY
2025-07-05 04:40:12,585 - __main__ - INFO - ==================================================
2025-07-05 04:40:12,585 - __main__ - INFO - Initial sparsity: 0.000100
2025-07-05 04:40:12,586 - __main__ - INFO - Final connectivity ratio: 0.000102
2025-07-05 04:40:12,586 - __main__ - INFO - Final test accuracy: 0.1136
2025-07-05 04:40:12,586 - __main__ - INFO - Total growth events: 0
2025-07-05 04:40:12,586 - __main__ - INFO - Total snapshots saved: 0
2025-07-05 04:40:12,586 - __main__ - INFO - Coarse phase snapshots: 0
2025-07-05 04:40:12,586 - __main__ - INFO - Medium phase snapshots: 0
2025-07-05 04:40:12,586 - __main__ - INFO - Fine phase snapshots: 0
2025-07-05 04:40:12,586 - __main__ - INFO - ==================================================
2025-07-05 04:40:12,586 - __main__ - INFO - Experiment completed. Results saved to ./results
